c:\users\kimka\desktop\altar\x64\release\vc142.pdb
c:\users\kimka\desktop\altar\x64\release\uci.obj
c:\users\kimka\desktop\altar\x64\release\tune.obj
c:\users\kimka\desktop\altar\x64\release\tt.obj
c:\users\kimka\desktop\altar\x64\release\tinn.obj
c:\users\kimka\desktop\altar\x64\release\test.obj
c:\users\kimka\desktop\altar\x64\release\search.obj
c:\users\kimka\desktop\altar\x64\release\movelist.obj
c:\users\kimka\desktop\altar\x64\release\move.obj
c:\users\kimka\desktop\altar\x64\release\gen.obj
c:\users\kimka\desktop\altar\x64\release\engine.obj
c:\users\kimka\desktop\altar\x64\release\bitboard.obj
c:\users\kimka\desktop\altar\x64\release\altar.obj
x64\release\eval.cpp.obj
x64\release\fprop.cu.obj
c:\users\kimka\desktop\altar\x64\release\eval.cpp.cache
c:\users\kimka\desktop\altar\x64\release\fprop.cu.cache
c:\users\kimka\desktop\altar\x64\release\eval.cpp.obj
c:\users\kimka\desktop\altar\x64\release\fprop.cu.obj
c:\users\kimka\desktop\altar\x64\release\altar.ipdb
c:\users\kimka\desktop\altar\x64\release\altar.iobj
c:\users\kimka\desktop\altar\x64\release\altar.exp
c:\users\kimka\desktop\altar\x64\release\altar.pdb
c:\users\kimka\desktop\altar\x64\release\altar.tlog\cl.command.1.tlog
c:\users\kimka\desktop\altar\x64\release\altar.tlog\cl.read.1.tlog
c:\users\kimka\desktop\altar\x64\release\altar.tlog\cl.write.1.tlog
c:\users\kimka\desktop\altar\x64\release\altar.tlog\cudacompile.read.1u.tlog
c:\users\kimka\desktop\altar\x64\release\altar.tlog\cudacompile.write.1u.tlog
c:\users\kimka\desktop\altar\x64\release\altar.tlog\link-cvtres.read.1.tlog
c:\users\kimka\desktop\altar\x64\release\altar.tlog\link-cvtres.write.1.tlog
c:\users\kimka\desktop\altar\x64\release\altar.tlog\link-rc.read.1.tlog
c:\users\kimka\desktop\altar\x64\release\altar.tlog\link-rc.write.1.tlog
c:\users\kimka\desktop\altar\x64\release\altar.tlog\link.command.1.tlog
c:\users\kimka\desktop\altar\x64\release\altar.tlog\link.delete.1.tlog
c:\users\kimka\desktop\altar\x64\release\altar.tlog\link.read.1.tlog
c:\users\kimka\desktop\altar\x64\release\altar.tlog\link.write.1.tlog
