  search.cpp
C:\Users\kimka\Desktop\Altar\search.cpp(125,31): warning C4244: 'argument': conversion from 'unsigned __int64' to 'int', possible loss of data
C:\Users\kimka\Desktop\Altar\search.cpp(130,31): warning C4244: 'argument': conversion from 'unsigned __int64' to 'int', possible loss of data
C:\Users\kimka\Desktop\Altar\search.cpp(135,31): warning C4244: 'argument': conversion from 'unsigned __int64' to 'int', possible loss of data
C:\Users\kimka\Desktop\Altar\search.cpp(141,31): warning C4244: 'argument': conversion from 'unsigned __int64' to 'int', possible loss of data
C:\Users\kimka\Desktop\Altar\search.cpp(146,31): warning C4244: 'argument': conversion from 'unsigned __int64' to 'int', possible loss of data
C:\Users\kimka\Desktop\Altar\search.cpp(152,31): warning C4244: 'argument': conversion from 'unsigned __int64' to 'int', possible loss of data
C:\Users\kimka\Desktop\Altar\search.cpp(160,31): warning C4244: 'argument': conversion from 'unsigned __int64' to 'int', possible loss of data
C:\Users\kimka\Desktop\Altar\search.cpp(165,31): warning C4244: 'argument': conversion from 'unsigned __int64' to 'int', possible loss of data
C:\Users\kimka\Desktop\Altar\search.cpp(170,31): warning C4244: 'argument': conversion from 'unsigned __int64' to 'int', possible loss of data
C:\Users\kimka\Desktop\Altar\search.cpp(176,31): warning C4244: 'argument': conversion from 'unsigned __int64' to 'int', possible loss of data
C:\Users\kimka\Desktop\Altar\search.cpp(181,31): warning C4244: 'argument': conversion from 'unsigned __int64' to 'int', possible loss of data
C:\Users\kimka\Desktop\Altar\search.cpp(187,31): warning C4244: 'argument': conversion from 'unsigned __int64' to 'int', possible loss of data
C:\Users\kimka\Desktop\Altar\search.cpp(250,46): warning C4244: 'argument': conversion from 'unsigned __int64' to 'int', possible loss of data
C:\Users\kimka\Desktop\Altar\search.cpp(251,44): warning C4244: 'argument': conversion from 'unsigned __int64' to 'int', possible loss of data
C:\Users\kimka\Desktop\Altar\search.cpp(252,33): warning C4244: 'argument': conversion from 'unsigned __int64' to 'int', possible loss of data
C:\Users\kimka\Desktop\Altar\search.cpp(253,32): warning C4244: 'argument': conversion from 'unsigned __int64' to 'int', possible loss of data
C:\Users\kimka\Desktop\Altar\search.cpp(256,46): warning C4244: 'argument': conversion from 'unsigned __int64' to 'int', possible loss of data
C:\Users\kimka\Desktop\Altar\search.cpp(257,44): warning C4244: 'argument': conversion from 'unsigned __int64' to 'int', possible loss of data
C:\Users\kimka\Desktop\Altar\search.cpp(258,33): warning C4244: 'argument': conversion from 'unsigned __int64' to 'int', possible loss of data
C:\Users\kimka\Desktop\Altar\search.cpp(259,32): warning C4244: 'argument': conversion from 'unsigned __int64' to 'int', possible loss of data
C:\Users\kimka\Desktop\Altar\search.cpp(233,6): warning C4101: 'scores': unreferenced local variable
C:\Users\kimka\Desktop\Altar\search.cpp(422,46): warning C4244: 'argument': conversion from 'unsigned __int64' to 'int', possible loss of data
C:\Users\kimka\Desktop\Altar\search.cpp(423,44): warning C4244: 'argument': conversion from 'unsigned __int64' to 'int', possible loss of data
C:\Users\kimka\Desktop\Altar\search.cpp(424,33): warning C4244: 'argument': conversion from 'unsigned __int64' to 'int', possible loss of data
C:\Users\kimka\Desktop\Altar\search.cpp(425,32): warning C4244: 'argument': conversion from 'unsigned __int64' to 'int', possible loss of data
C:\Users\kimka\Desktop\Altar\search.cpp(428,46): warning C4244: 'argument': conversion from 'unsigned __int64' to 'int', possible loss of data
C:\Users\kimka\Desktop\Altar\search.cpp(429,44): warning C4244: 'argument': conversion from 'unsigned __int64' to 'int', possible loss of data
C:\Users\kimka\Desktop\Altar\search.cpp(430,33): warning C4244: 'argument': conversion from 'unsigned __int64' to 'int', possible loss of data
C:\Users\kimka\Desktop\Altar\search.cpp(431,32): warning C4244: 'argument': conversion from 'unsigned __int64' to 'int', possible loss of data
C:\Users\kimka\Desktop\Altar\search.cpp(723,12): warning C4244: 'initializing': conversion from 'unsigned __int64' to 'int', possible loss of data
C:\Users\kimka\Desktop\Altar\search.cpp(1044,57): warning C4244: 'argument': conversion from 'unsigned __int64' to 'int', possible loss of data
C:\Users\kimka\Desktop\Altar\search.cpp(1150,54): warning C4244: 'argument': conversion from 'unsigned __int64' to 'int', possible loss of data
  Generating code
  1 of 367 functions ( 0.3%) were compiled, the rest were copied from previous compilation.
    0 functions were new in current compilation
    12 functions had inline decision re-evaluated but remain unchanged
  Finished generating code
  Altar.vcxproj -> C:\Users\kimka\Desktop\Altar\x64\Release\Altar.exe
