c:\users\kimka\desktop\altar\x64\debug\vc142.pdb
c:\users\kimka\desktop\altar\x64\debug\vc142.idb
c:\users\kimka\desktop\altar\x64\debug\uci.obj
c:\users\kimka\desktop\altar\x64\debug\tune.obj
c:\users\kimka\desktop\altar\x64\debug\tt.obj
c:\users\kimka\desktop\altar\x64\debug\test.obj
c:\users\kimka\desktop\altar\x64\debug\search.obj
c:\users\kimka\desktop\altar\x64\debug\movelist.obj
c:\users\kimka\desktop\altar\x64\debug\move.obj
c:\users\kimka\desktop\altar\x64\debug\gen.obj
c:\users\kimka\desktop\altar\x64\debug\eval.obj
c:\users\kimka\desktop\altar\x64\debug\engine.obj
c:\users\kimka\desktop\altar\x64\debug\bitboard.obj
c:\users\kimka\desktop\altar\x64\debug\altar.obj
c:\users\kimka\desktop\altar\x64\debug\source.obj
c:\users\kimka\desktop\altar\x64\debug\uci.new.obj.enc
c:\users\kimka\desktop\altar\x64\debug\altar.pdb
c:\users\kimka\desktop\altar\x64\debug\altar.tlog\cl.command.1.tlog
c:\users\kimka\desktop\altar\x64\debug\altar.tlog\cl.read.1.tlog
c:\users\kimka\desktop\altar\x64\debug\altar.tlog\cl.write.1.tlog
c:\users\kimka\desktop\altar\x64\debug\altar.tlog\link-cvtres.read.1.tlog
c:\users\kimka\desktop\altar\x64\debug\altar.tlog\link-cvtres.write.1.tlog
c:\users\kimka\desktop\altar\x64\debug\altar.tlog\link-rc.read.1.tlog
c:\users\kimka\desktop\altar\x64\debug\altar.tlog\link-rc.write.1.tlog
c:\users\kimka\desktop\altar\x64\debug\altar.tlog\link.command.1.tlog
c:\users\kimka\desktop\altar\x64\debug\altar.tlog\link.read.1.tlog
c:\users\kimka\desktop\altar\x64\debug\altar.tlog\link.write.1.tlog
