  cl : Command line warning D9002 : ignoring unknown option '-bmi2'
  search.cpp
C:\Users\kim\source\repos\Altar\Altar\search.cpp(47,9): warning C4244:  'initializing': conversion from 'unsigned __int64' to 'int', possible loss of data
C:\Users\kim\source\repos\Altar\Altar\search.cpp(48,9): warning C4244:  'initializing': conversion from 'unsigned __int64' to 'int', possible loss of data
C:\Users\kim\source\repos\Altar\Altar\search.cpp(62,31): warning C4244:  'argument': conversion from 'unsigned __int64' to 'int', possible loss of data
C:\Users\kim\source\repos\Altar\Altar\search.cpp(67,31): warning C4244:  'argument': conversion from 'unsigned __int64' to 'int', possible loss of data
C:\Users\kim\source\repos\Altar\Altar\search.cpp(72,31): warning C4244:  'argument': conversion from 'unsigned __int64' to 'int', possible loss of data
C:\Users\kim\source\repos\Altar\Altar\search.cpp(78,31): warning C4244:  'argument': conversion from 'unsigned __int64' to 'int', possible loss of data
C:\Users\kim\source\repos\Altar\Altar\search.cpp(83,31): warning C4244:  'argument': conversion from 'unsigned __int64' to 'int', possible loss of data
C:\Users\kim\source\repos\Altar\Altar\search.cpp(89,31): warning C4244:  'argument': conversion from 'unsigned __int64' to 'int', possible loss of data
C:\Users\kim\source\repos\Altar\Altar\search.cpp(97,31): warning C4244:  'argument': conversion from 'unsigned __int64' to 'int', possible loss of data
C:\Users\kim\source\repos\Altar\Altar\search.cpp(102,31): warning C4244:  'argument': conversion from 'unsigned __int64' to 'int', possible loss of data
C:\Users\kim\source\repos\Altar\Altar\search.cpp(107,31): warning C4244:  'argument': conversion from 'unsigned __int64' to 'int', possible loss of data
C:\Users\kim\source\repos\Altar\Altar\search.cpp(113,31): warning C4244:  'argument': conversion from 'unsigned __int64' to 'int', possible loss of data
C:\Users\kim\source\repos\Altar\Altar\search.cpp(118,31): warning C4244:  'argument': conversion from 'unsigned __int64' to 'int', possible loss of data
C:\Users\kim\source\repos\Altar\Altar\search.cpp(124,31): warning C4244:  'argument': conversion from 'unsigned __int64' to 'int', possible loss of data
C:\Users\kim\source\repos\Altar\Altar\search.cpp(185,46): warning C4244:  'argument': conversion from 'unsigned __int64' to 'int', possible loss of data
C:\Users\kim\source\repos\Altar\Altar\search.cpp(186,44): warning C4244:  'argument': conversion from 'unsigned __int64' to 'int', possible loss of data
C:\Users\kim\source\repos\Altar\Altar\search.cpp(187,33): warning C4244:  'argument': conversion from 'unsigned __int64' to 'int', possible loss of data
C:\Users\kim\source\repos\Altar\Altar\search.cpp(188,32): warning C4244:  'argument': conversion from 'unsigned __int64' to 'int', possible loss of data
C:\Users\kim\source\repos\Altar\Altar\search.cpp(191,46): warning C4244:  'argument': conversion from 'unsigned __int64' to 'int', possible loss of data
C:\Users\kim\source\repos\Altar\Altar\search.cpp(192,44): warning C4244:  'argument': conversion from 'unsigned __int64' to 'int', possible loss of data
C:\Users\kim\source\repos\Altar\Altar\search.cpp(193,33): warning C4244:  'argument': conversion from 'unsigned __int64' to 'int', possible loss of data
C:\Users\kim\source\repos\Altar\Altar\search.cpp(194,32): warning C4244:  'argument': conversion from 'unsigned __int64' to 'int', possible loss of data
C:\Users\kim\source\repos\Altar\Altar\search.cpp(472,12): warning C4244:  'initializing': conversion from 'unsigned __int64' to 'int', possible loss of data
C:\Users\kim\source\repos\Altar\Altar\search.cpp(779,53): warning C4244:  'argument': conversion from 'unsigned __int64' to 'int', possible loss of data
  Altar.vcxproj -> C:\Users\kim\source\repos\Altar\x64\Debug\Altar.exe
